
> bestellwesen-app@1.0.0 start
> ts-node src/app.ts

[dotenv@17.3.1] injecting env (1) from .env -- tip: ⚙️  load multiple .env files with { path: ['.env.local', '.env'] }
Server läuft auf http://localhost:3000
Fehler beim Laden der Bestellungen AggregateError
    at D:\Bestellwesen AKIN APP\node_modules\pg-pool\index.js:45:11
    at processTicksAndRejections (node:internal/process/task_queues:95:5) {
  code: 'ECONNREFUSED',
  [errors]: [
    Error: connect ECONNREFUSED ::1:5432
        at createConnectionError (node:net:1647:14)
        at afterConnectMultiple (node:net:1677:16) {
      errno: -4078,
      code: 'ECONNREFUSED',
      syscall: 'connect',
      address: '::1',
      port: 5432
    },
    Error: connect ECONNREFUSED 127.0.0.1:5432
        at createConnectionError (node:net:1647:14)
        at afterConnectMultiple (node:net:1677:16) {
      errno: -4078,
      code: 'ECONNREFUSED',
      syscall: 'connect',
      address: '127.0.0.1',
      port: 5432
    }
  ]
}
Fehler beim Laden der Lieferanten AggregateError
    at D:\Bestellwesen AKIN APP\node_modules\pg-pool\index.js:45:11
    at processTicksAndRejections (node:internal/process/task_queues:95:5) {
  code: 'ECONNREFUSED',
  [errors]: [
    Error: connect ECONNREFUSED ::1:5432
        at createConnectionError (node:net:1647:14)
        at afterConnectMultiple (node:net:1677:16) {
      errno: -4078,
      code: 'ECONNREFUSED',
      syscall: 'connect',
      address: '::1',
      port: 5432
    },
    Error: connect ECONNREFUSED 127.0.0.1:5432
        at createConnectionError (node:net:1647:14)
        at afterConnectMultiple (node:net:1677:16) {
      errno: -4078,
      code: 'ECONNREFUSED',
      syscall: 'connect',
      address: '127.0.0.1',
      port: 5432
    }
  ]
}
Error loading dashboard notes AggregateError
    at D:\Bestellwesen AKIN APP\node_modules\pg-pool\index.js:45:11
    at processTicksAndRejections (node:internal/process/task_queues:95:5) {
  code: 'ECONNREFUSED',
  [errors]: [
    Error: connect ECONNREFUSED ::1:5432
        at createConnectionError (node:net:1647:14)
        at afterConnectMultiple (node:net:1677:16) {
      errno: -4078,
      code: 'ECONNREFUSED',
      syscall: 'connect',
      address: '::1',
      port: 5432
    },
    Error: connect ECONNREFUSED 127.0.0.1:5432
        at createConnectionError (node:net:1647:14)
        at afterConnectMultiple (node:net:1677:16) {
      errno: -4078,
      code: 'ECONNREFUSED',
      syscall: 'connect',
      address: '127.0.0.1',
      port: 5432
    }
  ]
}
Fehler beim Laden der Artikel AggregateError
    at D:\Bestellwesen AKIN APP\node_modules\pg-pool\index.js:45:11
    at processTicksAndRejections (node:internal/process/task_queues:95:5) {
  code: 'ECONNREFUSED',
  [errors]: [
    Error: connect ECONNREFUSED ::1:5432
        at createConnectionError (node:net:1647:14)
        at afterConnectMultiple (node:net:1677:16) {
      errno: -4078,
      code: 'ECONNREFUSED',
      syscall: 'connect',
      address: '::1',
      port: 5432
    },
    Error: connect ECONNREFUSED 127.0.0.1:5432
        at createConnectionError (node:net:1647:14)
        at afterConnectMultiple (node:net:1677:16) {
      errno: -4078,
      code: 'ECONNREFUSED',
      syscall: 'connect',
      address: '127.0.0.1',
      port: 5432
    }
  ]
}
Fehler beim Laden der Bestellungen AggregateError
    at D:\Bestellwesen AKIN APP\node_modules\pg-pool\index.js:45:11
    at processTicksAndRejections (node:internal/process/task_queues:95:5) {
  code: 'ECONNREFUSED',
  [errors]: [
    Error: connect ECONNREFUSED ::1:5432
        at createConnectionError (node:net:1647:14)
        at afterConnectMultiple (node:net:1677:16) {
      errno: -4078,
      code: 'ECONNREFUSED',
      syscall: 'connect',
      address: '::1',
      port: 5432
    },
    Error: connect ECONNREFUSED 127.0.0.1:5432
        at createConnectionError (node:net:1647:14)
        at afterConnectMultiple (node:net:1677:16) {
      errno: -4078,
      code: 'ECONNREFUSED',
      syscall: 'connect',
      address: '127.0.0.1',
      port: 5432
    }
  ]
}
Fehler beim Laden der Lieferanten AggregateError
    at D:\Bestellwesen AKIN APP\node_modules\pg-pool\index.js:45:11
    at processTicksAndRejections (node:internal/process/task_queues:95:5) {
  code: 'ECONNREFUSED',
  [errors]: [
    Error: connect ECONNREFUSED ::1:5432
        at createConnectionError (node:net:1647:14)
        at afterConnectMultiple (node:net:1677:16) {
      errno: -4078,
      code: 'ECONNREFUSED',
      syscall: 'connect',
      address: '::1',
      port: 5432
    },
    Error: connect ECONNREFUSED 127.0.0.1:5432
        at createConnectionError (node:net:1647:14)
        at afterConnectMultiple (node:net:1677:16) {
      errno: -4078,
      code: 'ECONNREFUSED',
      syscall: 'connect',
      address: '127.0.0.1',
      port: 5432
    }
  ]
}
Fehler beim Laden der Artikel AggregateError
    at D:\Bestellwesen AKIN APP\node_modules\pg-pool\index.js:45:11
    at processTicksAndRejections (node:internal/process/task_queues:95:5) {
  code: 'ECONNREFUSED',
  [errors]: [
    Error: connect ECONNREFUSED ::1:5432
        at createConnectionError (node:net:1647:14)
        at afterConnectMultiple (node:net:1677:16) {
      errno: -4078,
      code: 'ECONNREFUSED',
      syscall: 'connect',
      address: '::1',
      port: 5432
    },
    Error: connect ECONNREFUSED 127.0.0.1:5432
        at createConnectionError (node:net:1647:14)
        at afterConnectMultiple (node:net:1677:16) {
      errno: -4078,
      code: 'ECONNREFUSED',
      syscall: 'connect',
      address: '127.0.0.1',
      port: 5432
    }
  ]
}
Error saving dashboard notes AggregateError
    at D:\Bestellwesen AKIN APP\node_modules\pg-pool\index.js:45:11
    at processTicksAndRejections (node:internal/process/task_queues:95:5) {
  code: 'ECONNREFUSED',
  [errors]: [
    Error: connect ECONNREFUSED ::1:5432
        at createConnectionError (node:net:1647:14)
        at afterConnectMultiple (node:net:1677:16) {
      errno: -4078,
      code: 'ECONNREFUSED',
      syscall: 'connect',
      address: '::1',
      port: 5432
    },
    Error: connect ECONNREFUSED 127.0.0.1:5432
        at createConnectionError (node:net:1647:14)
        at afterConnectMultiple (node:net:1677:16) {
      errno: -4078,
      code: 'ECONNREFUSED',
      syscall: 'connect',
      address: '127.0.0.1',
      port: 5432
    }
  ]
}
Fehler beim Laden der Lieferanten AggregateError
    at D:\Bestellwesen AKIN APP\node_modules\pg-pool\index.js:45:11
    at processTicksAndRejections (node:internal/process/task_queues:95:5) {
  code: 'ECONNREFUSED',
  [errors]: [
    Error: connect ECONNREFUSED ::1:5432
        at createConnectionError (node:net:1647:14)
        at afterConnectMultiple (node:net:1677:16) {
      errno: -4078,
      code: 'ECONNREFUSED',
      syscall: 'connect',
      address: '::1',
      port: 5432
    },
    Error: connect ECONNREFUSED 127.0.0.1:5432
        at createConnectionError (node:net:1647:14)
        at afterConnectMultiple (node:net:1677:16) {
      errno: -4078,
      code: 'ECONNREFUSED',
      syscall: 'connect',
      address: '127.0.0.1',
      port: 5432
    }
  ]
}
Fehler beim Laden der Bestellungen AggregateError
    at D:\Bestellwesen AKIN APP\node_modules\pg-pool\index.js:45:11
    at processTicksAndRejections (node:internal/process/task_queues:95:5) {
  code: 'ECONNREFUSED',
  [errors]: [
    Error: connect ECONNREFUSED ::1:5432
        at createConnectionError (node:net:1647:14)
        at afterConnectMultiple (node:net:1677:16) {
      errno: -4078,
      code: 'ECONNREFUSED',
      syscall: 'connect',
      address: '::1',
      port: 5432
    },
    Error: connect ECONNREFUSED 127.0.0.1:5432
        at createConnectionError (node:net:1647:14)
        at afterConnectMultiple (node:net:1677:16) {
      errno: -4078,
      code: 'ECONNREFUSED',
      syscall: 'connect',
      address: '127.0.0.1',
      port: 5432
    }
  ]
}
Fehler beim Laden der Artikel AggregateError
    at D:\Bestellwesen AKIN APP\node_modules\pg-pool\index.js:45:11
    at processTicksAndRejections (node:internal/process/task_queues:95:5) {
  code: 'ECONNREFUSED',
  [errors]: [
    Error: connect ECONNREFUSED ::1:5432
        at createConnectionError (node:net:1647:14)
        at afterConnectMultiple (node:net:1677:16) {
      errno: -4078,
      code: 'ECONNREFUSED',
      syscall: 'connect',
      address: '::1',
      port: 5432
    },
    Error: connect ECONNREFUSED 127.0.0.1:5432
        at createConnectionError (node:net:1647:14)
        at afterConnectMultiple (node:net:1677:16) {
      errno: -4078,
      code: 'ECONNREFUSED',
      syscall: 'connect',
      address: '127.0.0.1',
      port: 5432
    }
  ]
}
Fehler beim Laden der Lieferanten AggregateError
    at D:\Bestellwesen AKIN APP\node_modules\pg-pool\index.js:45:11
    at processTicksAndRejections (node:internal/process/task_queues:95:5) {
  code: 'ECONNREFUSED',
  [errors]: [
    Error: connect ECONNREFUSED ::1:5432
        at createConnectionError (node:net:1647:14)
        at afterConnectMultiple (node:net:1677:16) {
      errno: -4078,
      code: 'ECONNREFUSED',
      syscall: 'connect',
      address: '::1',
      port: 5432
    },
    Error: connect ECONNREFUSED 127.0.0.1:5432
        at createConnectionError (node:net:1647:14)
        at afterConnectMultiple (node:net:1677:16) {
      errno: -4078,
      code: 'ECONNREFUSED',
      syscall: 'connect',
      address: '127.0.0.1',
      port: 5432
    }
  ]
}
Fehler beim Laden der Lieferanten AggregateError
    at D:\Bestellwesen AKIN APP\node_modules\pg-pool\index.js:45:11
    at processTicksAndRejections (node:internal/process/task_queues:95:5) {
  code: 'ECONNREFUSED',
  [errors]: [
    Error: connect ECONNREFUSED ::1:5432
        at createConnectionError (node:net:1647:14)
        at afterConnectMultiple (node:net:1677:16) {
      errno: -4078,
      code: 'ECONNREFUSED',
      syscall: 'connect',
      address: '::1',
      port: 5432
    },
    Error: connect ECONNREFUSED 127.0.0.1:5432
        at createConnectionError (node:net:1647:14)
        at afterConnectMultiple (node:net:1677:16) {
      errno: -4078,
      code: 'ECONNREFUSED',
      syscall: 'connect',
      address: '127.0.0.1',
      port: 5432
    }
  ]
}

D:\Bestellwesen AKIN APP>